2026-04-03 10:59:55,098 - __main__ - INFO - === Запуск парсера Ozon ===
2026-04-03 10:59:55,099 - __main__ - INFO - Инициализация парсера для товара id: 3354536018
2026-04-03 11:00:08,228 - __main__ - INFO - Переход на https://www.ozon.ru/
2026-04-03 11:00:10,196 - __main__ - INFO - Ожидание загрузки страницы результатов (5 сек)
2026-04-03 11:00:15,210 - __main__ - INFO - Название товара (вариант 1): Рекомендуем для вас
2026-04-03 11:00:15,214 - __main__ - WARNING - Элемент цены не найден по селектору: span[class='pdp_jb tsHeadline500Medium']
2026-04-03 11:00:20,400 - __main__ - INFO - Парсинг успешно завершён
2026-04-03 11:02:53,976 - __main__ - INFO - === Запуск парсера Ozon ===
2026-04-03 11:02:53,976 - __main__ - INFO - Инициализация парсера для товара id: 3354536018
2026-04-03 11:02:55,504 - __main__ - INFO - Переход на https://www.ozon.ru/
2026-04-03 11:02:57,931 - __main__ - INFO - Ожидание загрузки страницы результатов (5 сек)
2026-04-03 11:03:02,988 - __main__ - INFO - Название товара (вариант 1): 198 ₽
2026-04-03 11:03:03,000 - __main__ - INFO - Цена товара: 208 ₽
2026-04-03 11:03:08,367 - __main__ - INFO - Парсинг успешно завершён
2026-04-03 11:03:27,966 - __main__ - INFO - === Запуск парсера Ozon ===
2026-04-03 11:03:27,967 - __main__ - INFO - Инициализация парсера для товара id: 3354536018
2026-04-03 11:03:29,054 - __main__ - INFO - Переход на https://www.ozon.ru/
2026-04-03 11:03:31,420 - __main__ - INFO - Ожидание загрузки страницы результатов (5 сек)
2026-04-03 11:03:36,479 - __main__ - INFO - Название товара (вариант 1): 198 ₽
2026-04-03 11:03:36,493 - __main__ - INFO - Цена товара: 208 ₽
2026-04-03 11:03:41,798 - __main__ - INFO - Парсинг успешно завершён
2026-04-03 11:05:28,794 - __main__ - INFO - === Запуск парсера Ozon ===
2026-04-03 11:05:28,794 - __main__ - INFO - Инициализация парсера для товара id: 3354536018
2026-04-03 11:05:29,607 - __main__ - INFO - Переход на https://www.ozon.ru/
2026-04-03 11:05:30,836 - __main__ - INFO - Ожидание загрузки страницы результатов (5 сек)
2026-04-03 11:05:35,873 - __main__ - INFO - Название товара (вариант 1): 198 ₽
2026-04-03 11:05:35,884 - __main__ - INFO - Цена товара: 208 ₽
2026-04-03 11:05:41,087 - __main__ - INFO - Парсинг успешно завершён
